# JRE version: OpenJDK Runtime Environment (11.0.10) (build 11.0.10+0-b96-7249189)
# Java VM: OpenJDK 64-Bit Server VM (11.0.10+0-b96-7249189, mixed mode, tiered, compressed oops, g1 gc, windows-amd64)
Heap:
 garbage-first heap   total 560128K, used 150267K [0x0000000080000000, 0x0000000100000000)
  region size 1024K, 18 young (18432K), 2 survivors (2048K)
 Metaspace       used 143950K, capacity 147653K, committed 147840K, reserved 1177600K
  class space    used 17819K, capacity 19266K, committed 19328K, reserved 1048576K
GC Heap History (20 events):
Event: 5714.628 GC heap before
{Heap before GC invocations=223 (full 0):
 garbage-first heap   total 560128K, used 397058K [0x0000000080000000, 0x0000000100000000)
  region size 1024K, 196 young (200704K), 3 survivors (3072K)
 Metaspace       used 136208K, capacity 139664K, committed 139904K, reserved 1171456K
  class space    used 16863K, capacity 18194K, committed 18304K, reserved 1048576K
}
Event: 5714.749 GC heap after
{Heap after GC invocations=224 (full 0):
 garbage-first heap   total 560128K, used 249856K [0x0000000080000000, 0x0000000100000000)
  region size 1024K, 31 young (31744K), 31 survivors (31744K)
 Metaspace       used 136208K, capacity 139664K, committed 139904K, reserved 1171456K
  class space    used 16863K, capacity 18194K, committed 18304K, reserved 1048576K
}
Event: 5722.725 GC heap before
{Heap before GC invocations=225 (full 0):
 garbage-first heap   total 560128K, used 394240K [0x0000000080000000, 0x0000000100000000)
  region size 1024K, 174 young (178176K), 31 survivors (31744K)
 Metaspace       used 136673K, capacity 140110K, committed 140416K, reserved 1171456K
  class space    used 16892K, capacity 18199K, committed 18304K, reserved 1048576K
}
Event: 5722.854 GC heap after
{Heap after GC invocations=226 (full 0):
 garbage-first heap   total 560128K, used 257352K [0x0000000080000000, 0x0000000100000000)
  region size 1024K, 10 young (10240K), 10 survivors (10240K)
 Metaspace       used 136673K, capacity 140110K, committed 140416K, reserved 1171456K
  class space    used 16892K, capacity 18199K, committed 18304K, reserved 1048576K
}
Event: 5723.801 GC heap before
{Heap before GC invocations=226 (full 0):
 garbage-first heap   total 560128K, used 279880K [0x0000000080000000, 0x0000000100000000)
  region size 1024K, 27 young (27648K), 10 survivors (10240K)
 Metaspace       used 136717K, capacity 140215K, committed 140416K, reserved 1171456K
  class space    used 16899K, capacity 18234K, committed 18304K, reserved 1048576K
}
Event: 5723.860 GC heap after
{Heap after GC invocations=227 (full 0):
 garbage-first heap   total 560128K, used 242496K [0x0000000080000000, 0x0000000100000000)
  region size 1024K, 4 young (4096K), 4 survivors (4096K)
 Metaspace       used 136717K, capacity 140215K, committed 140416K, reserved 1171456K
  class space    used 16899K, capacity 18234K, committed 18304K, reserved 1048576K
}
Event: 5724.010 GC heap before
{Heap before GC invocations=227 (full 0):
 garbage-first heap   total 560128K, used 265024K [0x0000000080000000, 0x0000000100000000)
  region size 1024K, 27 young (27648K), 4 survivors (4096K)
 Metaspace       used 136717K, capacity 140215K, committed 140416K, reserved 1171456K
  class space    used 16899K, capacity 18234K, committed 18304K, reserved 1048576K
}
Event: 5724.035 GC heap after
{Heap after GC invocations=228 (full 0):
 garbage-first heap   total 560128K, used 246418K [0x0000000080000000, 0x0000000100000000)
  region size 1024K, 8 young (8192K), 8 survivors (8192K)
 Metaspace       used 136717K, capacity 140215K, committed 140416K, reserved 1171456K
  class space    used 16899K, capacity 18234K, committed 18304K, reserved 1048576K
}
Event: 5730.653 GC heap before
{Heap before GC invocations=229 (full 0):
 garbage-first heap   total 560128K, used 406162K [0x0000000080000000, 0x0000000100000000)
  region size 1024K, 140 young (143360K), 8 survivors (8192K)
 Metaspace       used 137327K, capacity 140852K, committed 140928K, reserved 1171456K
  class space    used 16961K, capacity 18298K, committed 18304K, reserved 1048576K
}
Event: 5730.681 GC heap after
{Heap after GC invocations=230 (full 0):
 garbage-first heap   total 560128K, used 251615K [0x0000000080000000, 0x0000000100000000)
  region size 1024K, 14 young (14336K), 14 survivors (14336K)
 Metaspace       used 137327K, capacity 140852K, committed 140928K, reserved 1171456K
  class space    used 16961K, capacity 18298K, committed 18304K, reserved 1048576K
}
Event: 5731.018 GC heap before
{Heap before GC invocations=230 (full 0):
 garbage-first heap   total 560128K, used 263903K [0x0000000080000000, 0x0000000100000000)
  region size 1024K, 28 young (28672K), 14 survivors (14336K)
 Metaspace       used 137403K, capacity 140932K, committed 141184K, reserved 1171456K
  class space    used 16969K, capacity 18303K, committed 18304K, reserved 1048576K
}
Event: 5731.075 GC heap after
{Heap after GC invocations=231 (full 0):
 garbage-first heap   total 560128K, used 247157K [0x0000000080000000, 0x0000000100000000)
  region size 1024K, 4 young (4096K), 4 survivors (4096K)
 Metaspace       used 137403K, capacity 140932K, committed 141184K, reserved 1171456K
  class space    used 16969K, capacity 18303K, committed 18304K, reserved 1048576K
}
Event: 5732.392 GC heap before
{Heap before GC invocations=231 (full 0):
 garbage-first heap   total 560128K, used 287093K [0x0000000080000000, 0x0000000100000000)
  region size 1024K, 44 young (45056K), 4 survivors (4096K)
 Metaspace       used 137580K, capacity 141128K, committed 141184K, reserved 1171456K
  class space    used 16987K, capacity 18304K, committed 18304K, reserved 1048576K
}
Event: 5732.408 GC heap after
{Heap after GC invocations=232 (full 0):
 garbage-first heap   total 560128K, used 244219K [0x0000000080000000, 0x0000000100000000)
  region size 1024K, 2 young (2048K), 2 survivors (2048K)
 Metaspace       used 137580K, capacity 141128K, committed 141184K, reserved 1171456K
  class space    used 16987K, capacity 18304K, committed 18304K, reserved 1048576K
}
Event: 5733.928 GC heap before
{Heap before GC invocations=233 (full 0):
 garbage-first heap   total 560128K, used 337403K [0x0000000080000000, 0x0000000100000000)
  region size 1024K, 157 young (160768K), 2 survivors (2048K)
 Metaspace       used 137654K, capacity 141224K, committed 141568K, reserved 1173504K
  class space    used 16992K, capacity 18336K, committed 18432K, reserved 1048576K
}
Event: 5733.932 GC heap after
{Heap after GC invocations=234 (full 0):
 garbage-first heap   total 560128K, used 180139K [0x0000000080000000, 0x0000000100000000)
  region size 1024K, 2 young (2048K), 2 survivors (2048K)
 Metaspace       used 137654K, capacity 141224K, committed 141568K, reserved 1173504K
  class space    used 16992K, capacity 18336K, committed 18432K, reserved 1048576K
}
Event: 5734.369 GC heap before
{Heap before GC invocations=234 (full 0):
 garbage-first heap   total 560128K, used 205739K [0x0000000080000000, 0x0000000100000000)
  region size 1024K, 27 young (27648K), 2 survivors (2048K)
 Metaspace       used 138648K, capacity 142153K, committed 142208K, reserved 1173504K
  class space    used 17140K, capacity 18520K, committed 18560K, reserved 1048576K
}
Event: 5734.377 GC heap after
{Heap after GC invocations=235 (full 0):
 garbage-first heap   total 560128K, used 131806K [0x0000000080000000, 0x0000000100000000)
  region size 1024K, 1 young (1024K), 1 survivors (1024K)
 Metaspace       used 138648K, capacity 142153K, committed 142208K, reserved 1173504K
  class space    used 17140K, capacity 18520K, committed 18560K, reserved 1048576K
}
Event: 5735.312 GC heap before
{Heap before GC invocations=235 (full 0):
 garbage-first heap   total 560128K, used 153310K [0x0000000080000000, 0x0000000100000000)
  region size 1024K, 23 young (23552K), 1 survivors (1024K)
 Metaspace       used 143721K, capacity 147388K, committed 147584K, reserved 1177600K
  class space    used 17791K, capacity 19221K, committed 19328K, reserved 1048576K
}
Event: 5735.320 GC heap after
{Heap after GC invocations=236 (full 0):
 garbage-first heap   total 560128K, used 132859K [0x0000000080000000, 0x0000000100000000)
  region size 1024K, 2 young (2048K), 2 survivors (2048K)
 Metaspace       used 143721K, capacity 147388K, committed 147584K, reserved 1177600K
  class space    used 17791K, capacity 19221K, committed 19328K, reserved 1048576K
}

